<?xml version="1.0" encoding="UTF-8"?>
<!-- Generated by org.testng.reporters.JUnitReportReporter -->
<testsuite skipped="0" hostname="SQLBILAB" name="test.LoginTest" tests="1" failures="0" timestamp="01 Sep 2020 03:34:49 GMT" time="8.744" errors="0">
  <testcase name="userShouldBeAbleToLogin" time="8.744" classname="test.LoginTest"/>
</testsuite> <!-- test.LoginTest -->
